Sending build context to Docker daemon  8.674MB
Step 1/20 : FROM ubuntu:16.04
 ---> dfeff22e96ae
Step 2/20 : LABEL maintainer="Osama Arouk (arouk@eurecom.fr)"
 ---> Using cache
 ---> 263dad2c67f2
Step 3/20 : ENV container docker
 ---> Using cache
 ---> d7ac8bd6708e
Step 4/20 : ENV PATH "/usr/local/sbin:/usr/local/bin:/usr/sbin:/usr/bin:/sbin:/bin:/snap/bin"
 ---> Using cache
 ---> 9507ef0b3ee7
Step 5/20 : ENV LANG C.UTF-8
 ---> Using cache
 ---> 0831eb6ba8f3
Step 6/20 : ENV LC_ALL C.UTF-8
 ---> Using cache
 ---> 049e3217e454
Step 7/20 : RUN DEBIAN_FRONTEND=noninteractive apt-get update -y && DEBIAN_FRONTEND=noninteractive apt-get install -y fuse snapd snap-confine squashfuse sudo &&  apt-get autoremove -y && apt-get autoclean -y && dpkg-divert --local --rename --add /sbin/udevadm && ln -s /bin/true /sbin/udevadm
 ---> Using cache
 ---> 797e9c1dd9cd
Step 8/20 : RUN apt-get install -y apt-utils dnsutils net-tools iputils-ping vim tcpdump curl jq
 ---> Using cache
 ---> 8eca640bc777
Step 9/20 : RUN mv /usr/sbin/tcpdump /usr/bin/
 ---> Using cache
 ---> 073f790aca97
Step 10/20 : RUN sed -i "13s/^/\/root\/init.sh/g" /etc/rc.local
 ---> Using cache
 ---> 738ad8ee3cdc
Step 11/20 : RUN chmod +x /etc/rc.local
 ---> Using cache
 ---> 32bd08fd792d
Step 12/20 : COPY ./init_build.sh /root/init.sh
 ---> Using cache
 ---> 3e94ed8b2aa3
Step 13/20 : COPY ./init_deploy.sh /root/
 ---> Using cache
 ---> 353e33514be5
Step 14/20 : COPY ./hook /root/
 ---> e6828cc7e539
Step 15/20 : RUN mkdir /root/config
 ---> Running in 1623a7862815
Removing intermediate container 1623a7862815
 ---> d653f1fe4b00
Step 16/20 : COPY ./conf.yaml /root/config/
 ---> 56d9d82d6088
Step 17/20 : RUN systemctl enable snapd
 ---> Running in b78b2546b528
Removing intermediate container b78b2546b528
 ---> 07a68283f5e7
Step 18/20 : RUN rm -f /lib/systemd/system/systemd*udev*   && rm -f /lib/systemd/system/getty.target
 ---> Running in 178ec71190f3
Removing intermediate container 178ec71190f3
 ---> 8a723a058562
Step 19/20 : VOLUME ["/sys/fs/cgroup"]
 ---> Running in d17c9bfc94cb
Removing intermediate container d17c9bfc94cb
 ---> 7bde6862cd9a
Step 20/20 : CMD ["/sbin/init"]
 ---> Running in e27846a49de0
Removing intermediate container e27846a49de0
 ---> 5dc09f7c862d
Successfully built 5dc09f7c862d
Successfully tagged mosaic5gecosys/oaimme:base
