Sending build context to Docker daemon  4.262MB
Step 1/19 : FROM ubuntu:16.04
 ---> 005d2078bdfa
Step 2/19 : LABEL maintainer="Osama Arouk (arouk@eurecom.fr)"
 ---> Using cache
 ---> 89532ebb765e
Step 3/19 : ENV container docker
 ---> Using cache
 ---> 59510aac61ca
Step 4/19 : ENV PATH "/usr/local/sbin:/usr/local/bin:/usr/sbin:/usr/bin:/sbin:/bin:/snap/bin"
 ---> Using cache
 ---> c3bd67aaf3bf
Step 5/19 : ENV LANG C.UTF-8
 ---> Using cache
 ---> 62bea638cf12
Step 6/19 : ENV LC_ALL C.UTF-8
 ---> Using cache
 ---> 1b15b3391c25
Step 7/19 : RUN apt-get update && DEBIAN_FRONTEND=noninteractive apt-get install -y fuse snapd snap-confine squashfuse sudo &&  apt-get autoremove -y && apt-get autoclean -y && dpkg-divert --local --rename --add /sbin/udevadm && ln -s /bin/true /sbin/udevadm
 ---> Using cache
 ---> a0b6f985a9b0
Step 8/19 : RUN apt-get install -y apt-utils dnsutils net-tools iputils-ping vim tcpdump
 ---> Using cache
 ---> f3169aacec31
Step 9/19 : RUN mv /usr/sbin/tcpdump /usr/bin/
 ---> Using cache
 ---> 30857b299596
Step 10/19 : RUN sed -i "13s/^/\/root\/init.sh/g" /etc/rc.local
 ---> Using cache
 ---> 49cbf21e16a3
Step 11/19 : RUN chmod +x /etc/rc.local
 ---> Using cache
 ---> c29941b68fba
Step 12/19 : COPY ./init_build.sh /root/init.sh
 ---> a9c1a8b17192
Step 13/19 : COPY ./hook /root/
 ---> c19f22196748
Step 14/19 : RUN mkdir /root/config
 ---> Running in 2fdfdbe4a003
Removing intermediate container 2fdfdbe4a003
 ---> 2c9716b203bf
Step 15/19 : COPY ./conf.yaml /root/config/
 ---> 51dfa4c316d2
Step 16/19 : RUN systemctl enable snapd
 ---> Running in c138e02094fe
Removing intermediate container c138e02094fe
 ---> 79c17a26295c
Step 17/19 : RUN rm -f /lib/systemd/system/systemd*udev*   && rm -f /lib/systemd/system/getty.target
 ---> Running in 5f2c6fd904d2
Removing intermediate container 5f2c6fd904d2
 ---> 0880a78833b7
Step 18/19 : VOLUME ["/sys/fs/cgroup"]
 ---> Running in 2fca66c7f400
Removing intermediate container 2fca66c7f400
 ---> 42960a8f0217
Step 19/19 : CMD ["/sbin/init"]
 ---> Running in e13ad419590b
Removing intermediate container e13ad419590b
 ---> 59b5eb8b055c
Successfully built 59b5eb8b055c
Successfully tagged mosaic5gecosys/oaimme:base
