Sending build context to Docker daemon  4.256MB
Step 1/18 : FROM ubuntu:16.04
 ---> 77be327e4b63
Step 2/18 : ENV container docker
 ---> Using cache
 ---> 9bb2dad98455
Step 3/18 : ENV PATH "/usr/local/sbin:/usr/local/bin:/usr/sbin:/usr/bin:/sbin:/bin:/snap/bin"
 ---> Using cache
 ---> 15777ff9a12c
Step 4/18 : ENV LANG C.UTF-8
 ---> Using cache
 ---> 0b4b2e44d146
Step 5/18 : ENV LC_ALL C.UTF-8
 ---> Using cache
 ---> 756205f492d1
Step 6/18 : RUN apt-get update && DEBIAN_FRONTEND=noninteractive apt-get install -y fuse snapd snap-confine squashfuse sudo &&  apt-get autoremove -y && apt-get autoclean -y && dpkg-divert --local --rename --add /sbin/udevadm && ln -s /bin/true /sbin/udevadm
 ---> Using cache
 ---> 079fb45f4f69
Step 7/18 : RUN apt-get install -y apt-utils dnsutils net-tools iputils-ping vim tcpdump
 ---> Using cache
 ---> 859a233ab9dd
Step 8/18 : RUN mv /usr/sbin/tcpdump /usr/bin/
 ---> Using cache
 ---> 3f77e089f0a2
Step 9/18 : RUN sed -i "13s/^/\/root\/init.sh/g" /etc/rc.local
 ---> Using cache
 ---> e6c2c8ce7ea7
Step 10/18 : RUN chmod +x /etc/rc.local
 ---> Using cache
 ---> 5c146067881e
Step 11/18 : COPY ./init.sh /root/
 ---> Using cache
 ---> 3726f69fd1ce
Step 12/18 : COPY ./hook /root/
 ---> ef743d55d9f0
Step 13/18 : RUN mkdir /root/config
 ---> Running in 379c9f7b79b6
Removing intermediate container 379c9f7b79b6
 ---> e3454cb70444
Step 14/18 : COPY ./conf.yaml /root/config/
 ---> 282ee4d07c04
Step 15/18 : RUN systemctl enable snapd
 ---> Running in 3d47ac499556
Removing intermediate container 3d47ac499556
 ---> c99ddbcf2fb2
Step 16/18 : RUN rm -f /lib/systemd/system/systemd*udev*   && rm -f /lib/systemd/system/getty.target
 ---> Running in 7ff5a73a508b
Removing intermediate container 7ff5a73a508b
 ---> a5647a2b4501
Step 17/18 : VOLUME ["/sys/fs/cgroup"]
 ---> Running in d6ed1563a6fa
Removing intermediate container d6ed1563a6fa
 ---> 2b1bf61d6a7f
Step 18/18 : CMD ["/sbin/init"]
 ---> Running in 7663f0f4f63b
Removing intermediate container 7663f0f4f63b
 ---> ae0a148b7374
Successfully built ae0a148b7374
Successfully tagged mosaic5gecosys/oaihss:base
