Sending build context to Docker daemon  8.674MB
Step 1/20 : FROM ubuntu:16.04
 ---> dfeff22e96ae
Step 2/20 : LABEL maintainer="Osama Arouk (arouk@eurecom.fr)"
 ---> Using cache
 ---> 263dad2c67f2
Step 3/20 : ENV container docker
 ---> Using cache
 ---> d7ac8bd6708e
Step 4/20 : ENV PATH "/usr/local/sbin:/usr/local/bin:/usr/sbin:/usr/bin:/sbin:/bin:/snap/bin"
 ---> Using cache
 ---> 9507ef0b3ee7
Step 5/20 : ENV LANG C.UTF-8
 ---> Using cache
 ---> 0831eb6ba8f3
Step 6/20 : ENV LC_ALL C.UTF-8
 ---> Using cache
 ---> 049e3217e454
Step 7/20 : RUN DEBIAN_FRONTEND=noninteractive apt-get update -y && DEBIAN_FRONTEND=noninteractive apt-get install -y fuse snapd snap-confine squashfuse sudo &&  apt-get autoremove -y && apt-get autoclean -y && dpkg-divert --local --rename --add /sbin/udevadm && ln -s /bin/true /sbin/udevadm
 ---> Using cache
 ---> 797e9c1dd9cd
Step 8/20 : RUN apt-get install -y apt-utils dnsutils net-tools iputils-ping vim tcpdump curl jq
 ---> Using cache
 ---> 8eca640bc777
Step 9/20 : RUN mv /usr/sbin/tcpdump /usr/bin/
 ---> Using cache
 ---> 073f790aca97
Step 10/20 : RUN sed -i "13s/^/\/root\/init.sh/g" /etc/rc.local
 ---> Using cache
 ---> 738ad8ee3cdc
Step 11/20 : RUN chmod +x /etc/rc.local
 ---> Using cache
 ---> 32bd08fd792d
Step 12/20 : COPY ./init_build.sh /root/init.sh
 ---> Using cache
 ---> 411bff8e9f63
Step 13/20 : COPY ./init_deploy.sh /root/
 ---> Using cache
 ---> 552479705f2d
Step 14/20 : COPY ./hook /root/
 ---> af6c219e03ff
Step 15/20 : RUN mkdir /root/config
 ---> Running in 3028af885ff3
Removing intermediate container 3028af885ff3
 ---> 91cef1920cc6
Step 16/20 : COPY ./conf.yaml /root/config/
 ---> de6661f17c76
Step 17/20 : RUN systemctl enable snapd
 ---> Running in c4d172a984f0
Removing intermediate container c4d172a984f0
 ---> 68604bdead49
Step 18/20 : RUN rm -f /lib/systemd/system/systemd*udev*   && rm -f /lib/systemd/system/getty.target
 ---> Running in 9f7fff60a82f
Removing intermediate container 9f7fff60a82f
 ---> cc1bcd515309
Step 19/20 : VOLUME ["/sys/fs/cgroup"]
 ---> Running in d0e67bf84a7d
Removing intermediate container d0e67bf84a7d
 ---> 595efc265c63
Step 20/20 : CMD ["/sbin/init"]
 ---> Running in bc07545f2c38
Removing intermediate container bc07545f2c38
 ---> 25e27f70e4de
Successfully built 25e27f70e4de
Successfully tagged mosaic5gecosys/oaispgwu:base
